<?xml version="1.0" encoding="UTF-8"?>
<!-- Generated by org.testng.reporters.JUnitXMLReporter -->
<testsuite hostname="DESKTOP-R6U7DT6" ignored="0" name="all" tests="6" failures="0" timestamp="2020-12-01T19:25:18 CST" time="106.518" errors="0">
  <testcase name="ColumnManage_addColumn" time="8.196" classname="com.hxy.testCase.ColumnManage_Test"/>
  <testcase name="ColumnManage_setDisplay_all" time="6.724" classname="com.hxy.testCase.ColumnManage_Test"/>
  <testcase name="ColumnManage_setDisplay_head" time="6.952" classname="com.hxy.testCase.ColumnManage_Test"/>
  <testcase name="ColumnManage_setDisplay_no" time="6.945" classname="com.hxy.testCase.ColumnManage_Test"/>
  <testcase name="ColumnManage_setDisplay_tail" time="6.932" classname="com.hxy.testCase.ColumnManage_Test"/>
  <testcase name="ColumnManage_updateTitle" time="8.901" classname="com.hxy.testCase.ColumnManage_Test"/>
</testsuite> <!-- all -->
